<?xml version="1.0" encoding="UTF-8"?>
<testsuite xmlns:xsi="http://www.w3.org/2001/XMLSchema-instance" xsi:noNamespaceSchemaLocation="https://maven.apache.org/surefire/maven-surefire-plugin/xsd/surefire-test-report.xsd" version="3.0.2" name="com.bourse.wealthwise.messaging.CapitalRaiseJmsAdapterTest" time="13.049" tests="1" errors="0" skipped="0" failures="0">
  <properties>
    <property name="java.specification.version" value="21"/>
    <property name="sun.jnu.encoding" value="UTF-8"/>
    <property name="java.class.path" value="/mnt/e/UT_Computer_Engineering/GitHub/Software-1_Course_Final_Project/WealthWise/target/test-classes:/mnt/e/UT_Computer_Engineering/GitHub/Software-1_Course_Final_Project/WealthWise/target/classes:/root/.m2/repository/org/springframework/boot/spring-boot-starter/3.4.2/spring-boot-starter-3.4.2.jar:/root/.m2/repository/org/springframework/boot/spring-boot/3.4.2/spring-boot-3.4.2.jar:/root/.m2/repository/org/springframework/spring-context/6.2.2/spring-context-6.2.2.jar:/root/.m2/repository/org/springframework/spring-aop/6.2.2/spring-aop-6.2.2.jar:/root/.m2/repository/org/springframework/spring-expression/6.2.2/spring-expression-6.2.2.jar:/root/.m2/repository/org/springframework/boot/spring-boot-autoconfigure/3.4.2/spring-boot-autoconfigure-3.4.2.jar:/root/.m2/repository/org/springframework/boot/spring-boot-starter-logging/3.4.2/spring-boot-starter-logging-3.4.2.jar:/root/.m2/repository/ch/qos/logback/logback-classic/1.5.16/logback-classic-1.5.16.jar:/root/.m2/repository/ch/qos/logback/logback-core/1.5.16/logback-core-1.5.16.jar:/root/.m2/repository/org/apache/logging/log4j/log4j-to-slf4j/2.24.3/log4j-to-slf4j-2.24.3.jar:/root/.m2/repository/org/apache/logging/log4j/log4j-api/2.24.3/log4j-api-2.24.3.jar:/root/.m2/repository/org/slf4j/jul-to-slf4j/2.0.16/jul-to-slf4j-2.0.16.jar:/root/.m2/repository/jakarta/annotation/jakarta.annotation-api/2.1.1/jakarta.annotation-api-2.1.1.jar:/root/.m2/repository/org/springframework/spring-core/6.2.2/spring-core-6.2.2.jar:/root/.m2/repository/org/springframework/spring-jcl/6.2.2/spring-jcl-6.2.2.jar:/root/.m2/repository/org/yaml/snakeyaml/2.3/snakeyaml-2.3.jar:/root/.m2/repository/org/springframework/boot/spring-boot-starter-artemis/3.4.2/spring-boot-starter-artemis-3.4.2.jar:/root/.m2/repository/org/springframework/spring-jms/6.2.2/spring-jms-6.2.2.jar:/root/.m2/repository/org/springframework/spring-messaging/6.2.2/spring-messaging-6.2.2.jar:/root/.m2/repository/org/springframework/spring-tx/6.2.2/spring-tx-6.2.2.jar:/root/.m2/repository/org/apache/activemq/artemis-jakarta-client/2.37.0/artemis-jakarta-client-2.37.0.jar:/root/.m2/repository/org/apache/activemq/artemis-selector/2.37.0/artemis-selector-2.37.0.jar:/root/.m2/repository/org/apache/activemq/artemis-jms-server/2.37.0/artemis-jms-server-2.37.0.jar:/root/.m2/repository/org/slf4j/slf4j-api/2.0.16/slf4j-api-2.0.16.jar:/root/.m2/repository/org/apache/activemq/artemis-core-client/2.37.0/artemis-core-client-2.37.0.jar:/root/.m2/repository/org/jgroups/jgroups/5.3.10.Final/jgroups-5.3.10.Final.jar:/root/.m2/repository/io/netty/netty-transport-native-epoll/4.1.117.Final/netty-transport-native-epoll-4.1.117.Final-linux-x86_64.jar:/root/.m2/repository/io/netty/netty-transport-native-unix-common/4.1.117.Final/netty-transport-native-unix-common-4.1.117.Final.jar:/root/.m2/repository/io/netty/netty-transport-classes-epoll/4.1.117.Final/netty-transport-classes-epoll-4.1.117.Final.jar:/root/.m2/repository/io/netty/netty-transport-native-kqueue/4.1.117.Final/netty-transport-native-kqueue-4.1.117.Final-osx-x86_64.jar:/root/.m2/repository/io/netty/netty-transport-classes-kqueue/4.1.117.Final/netty-transport-classes-kqueue-4.1.117.Final.jar:/root/.m2/repository/io/netty/netty-codec-http/4.1.117.Final/netty-codec-http-4.1.117.Final.jar:/root/.m2/repository/io/netty/netty-buffer/4.1.117.Final/netty-buffer-4.1.117.Final.jar:/root/.m2/repository/io/netty/netty-transport/4.1.117.Final/netty-transport-4.1.117.Final.jar:/root/.m2/repository/io/netty/netty-handler/4.1.117.Final/netty-handler-4.1.117.Final.jar:/root/.m2/repository/io/netty/netty-handler-proxy/4.1.117.Final/netty-handler-proxy-4.1.117.Final.jar:/root/.m2/repository/io/netty/netty-codec/4.1.117.Final/netty-codec-4.1.117.Final.jar:/root/.m2/repository/io/netty/netty-codec-socks/4.1.117.Final/netty-codec-socks-4.1.117.Final.jar:/root/.m2/repository/io/netty/netty-common/4.1.117.Final/netty-common-4.1.117.Final.jar:/root/.m2/repository/io/netty/netty-resolver/4.1.117.Final/netty-resolver-4.1.117.Final.jar:/root/.m2/repository/de/dentrassi/crypto/pem-keystore/2.4.0/pem-keystore-2.4.0.jar:/root/.m2/repository/org/bouncycastle/bcprov-jdk18on/1.78/bcprov-jdk18on-1.78.jar:/root/.m2/repository/org/bouncycastle/bcpkix-jdk18on/1.78/bcpkix-jdk18on-1.78.jar:/root/.m2/repository/org/bouncycastle/bcutil-jdk18on/1.78/bcutil-jdk18on-1.78.jar:/root/.m2/repository/org/apache/activemq/artemis-jms-client/2.37.0/artemis-jms-client-2.37.0.jar:/root/.m2/repository/org/apache/activemq/artemis-server/2.37.0/artemis-server-2.37.0.jar:/root/.m2/repository/com/github/ben-manes/caffeine/caffeine/3.1.8/caffeine-3.1.8.jar:/root/.m2/repository/org/apache/activemq/artemis-jdbc-store/2.37.0/artemis-jdbc-store-2.37.0.jar:/root/.m2/repository/org/apache/commons/commons-dbcp2/2.12.0/commons-dbcp2-2.12.0.jar:/root/.m2/repository/org/apache/commons/commons-pool2/2.12.0/commons-pool2-2.12.0.jar:/root/.m2/repository/org/apache/activemq/artemis-lockmanager-api/2.37.0/artemis-lockmanager-api-2.37.0.jar:/root/.m2/repository/org/jctools/jctools-core/4.0.5/jctools-core-4.0.5.jar:/root/.m2/repository/commons-beanutils/commons-beanutils/1.9.4/commons-beanutils-1.9.4.jar:/root/.m2/repository/commons-logging/commons-logging/1.2/commons-logging-1.2.jar:/root/.m2/repository/org/apache/commons/commons-lang3/3.17.0/commons-lang3-3.17.0.jar:/root/.m2/repository/org/apache/commons/commons-configuration2/2.11.0/commons-configuration2-2.11.0.jar:/root/.m2/repository/org/apache/commons/commons-text/1.12.0/commons-text-1.12.0.jar:/root/.m2/repository/commons-collections/commons-collections/3.2.2/commons-collections-3.2.2.jar:/root/.m2/repository/io/micrometer/micrometer-core/1.14.3/micrometer-core-1.14.3.jar:/root/.m2/repository/org/apache/activemq/artemis-journal/2.37.0/artemis-journal-2.37.0.jar:/root/.m2/repository/org/apache/activemq/activemq-artemis-native/2.0.0/activemq-artemis-native-2.0.0.jar:/root/.m2/repository/org/apache/activemq/artemis-commons/2.37.0/artemis-commons-2.37.0.jar:/root/.m2/repository/org/apache/activemq/artemis-service-extensions/2.37.0/artemis-service-extensions-2.37.0.jar:/root/.m2/repository/jakarta/jms/jakarta.jms-api/3.1.0/jakarta.jms-api-3.1.0.jar:/root/.m2/repository/jakarta/transaction/jakarta.transaction-api/2.0.1/jakarta.transaction-api-2.0.1.jar:/root/.m2/repository/org/springframework/boot/spring-boot-starter-test/3.4.2/spring-boot-starter-test-3.4.2.jar:/root/.m2/repository/org/springframework/boot/spring-boot-test/3.4.2/spring-boot-test-3.4.2.jar:/root/.m2/repository/org/springframework/boot/spring-boot-test-autoconfigure/3.4.2/spring-boot-test-autoconfigure-3.4.2.jar:/root/.m2/repository/com/jayway/jsonpath/json-path/2.9.0/json-path-2.9.0.jar:/root/.m2/repository/jakarta/xml/bind/jakarta.xml.bind-api/4.0.2/jakarta.xml.bind-api-4.0.2.jar:/root/.m2/repository/jakarta/activation/jakarta.activation-api/2.1.3/jakarta.activation-api-2.1.3.jar:/root/.m2/repository/net/minidev/json-smart/2.5.1/json-smart-2.5.1.jar:/root/.m2/repository/net/minidev/accessors-smart/2.5.1/accessors-smart-2.5.1.jar:/root/.m2/repository/org/ow2/asm/asm/9.6/asm-9.6.jar:/root/.m2/repository/org/assertj/assertj-core/3.26.3/assertj-core-3.26.3.jar:/root/.m2/repository/net/bytebuddy/byte-buddy/1.15.11/byte-buddy-1.15.11.jar:/root/.m2/repository/org/awaitility/awaitility/4.2.2/awaitility-4.2.2.jar:/root/.m2/repository/org/hamcrest/hamcrest/2.2/hamcrest-2.2.jar:/root/.m2/repository/org/junit/jupiter/junit-jupiter/5.11.4/junit-jupiter-5.11.4.jar:/root/.m2/repository/org/junit/jupiter/junit-jupiter-api/5.11.4/junit-jupiter-api-5.11.4.jar:/root/.m2/repository/org/opentest4j/opentest4j/1.3.0/opentest4j-1.3.0.jar:/root/.m2/repository/org/junit/platform/junit-platform-commons/1.11.4/junit-platform-commons-1.11.4.jar:/root/.m2/repository/org/apiguardian/apiguardian-api/1.1.2/apiguardian-api-1.1.2.jar:/root/.m2/repository/org/junit/jupiter/junit-jupiter-params/5.11.4/junit-jupiter-params-5.11.4.jar:/root/.m2/repository/org/junit/jupiter/junit-jupiter-engine/5.11.4/junit-jupiter-engine-5.11.4.jar:/root/.m2/repository/org/junit/platform/junit-platform-engine/1.11.4/junit-platform-engine-1.11.4.jar:/root/.m2/repository/org/mockito/mockito-core/5.14.2/mockito-core-5.14.2.jar:/root/.m2/repository/net/bytebuddy/byte-buddy-agent/1.15.11/byte-buddy-agent-1.15.11.jar:/root/.m2/repository/org/objenesis/objenesis/3.3/objenesis-3.3.jar:/root/.m2/repository/org/mockito/mockito-junit-jupiter/5.14.2/mockito-junit-jupiter-5.14.2.jar:/root/.m2/repository/org/skyscreamer/jsonassert/1.5.3/jsonassert-1.5.3.jar:/root/.m2/repository/com/vaadin/external/google/android-json/0.0.20131108.vaadin1/android-json-0.0.20131108.vaadin1.jar:/root/.m2/repository/org/springframework/spring-test/6.2.2/spring-test-6.2.2.jar:/root/.m2/repository/org/xmlunit/xmlunit-core/2.10.0/xmlunit-core-2.10.0.jar:/root/.m2/repository/org/projectlombok/lombok/1.18.36/lombok-1.18.36.jar:/root/.m2/repository/org/springframework/spring-web/6.2.7/spring-web-6.2.7.jar:/root/.m2/repository/org/springframework/spring-beans/6.2.2/spring-beans-6.2.2.jar:/root/.m2/repository/io/micrometer/micrometer-observation/1.14.3/micrometer-observation-1.14.3.jar:/root/.m2/repository/io/micrometer/micrometer-commons/1.14.3/micrometer-commons-1.14.3.jar:"/>
    <property name="java.vm.vendor" value="Ubuntu"/>
    <property name="sun.arch.data.model" value="64"/>
    <property name="java.vendor.url" value="https://ubuntu.com/"/>
    <property name="user.timezone" value="Asia/Tehran"/>
    <property name="os.name" value="Linux"/>
    <property name="java.vm.specification.version" value="21"/>
    <property name="APPLICATION_NAME" value="WealthWise"/>
    <property name="sun.java.launcher" value="SUN_STANDARD"/>
    <property name="sun.boot.library.path" value="/usr/lib/jvm/java-21-openjdk-amd64/lib"/>
    <property name="sun.java.command" value="/mnt/e/UT_Computer_Engineering/GitHub/Software-1_Course_Final_Project/WealthWise/target/surefire/surefirebooter-20250825233024817_3.jar /mnt/e/UT_Computer_Engineering/GitHub/Software-1_Course_Final_Project/WealthWise/target/surefire 2025-08-25T23-30-24_539-jvmRun1 surefire-20250825233024817_1tmp surefire_0-20250825233024817_2tmp"/>
    <property name="jdk.debug" value="release"/>
    <property name="test" value="CapitalRaiseJmsAdapterTest"/>
    <property name="surefire.test.class.path" value="/mnt/e/UT_Computer_Engineering/GitHub/Software-1_Course_Final_Project/WealthWise/target/test-classes:/mnt/e/UT_Computer_Engineering/GitHub/Software-1_Course_Final_Project/WealthWise/target/classes:/root/.m2/repository/org/springframework/boot/spring-boot-starter/3.4.2/spring-boot-starter-3.4.2.jar:/root/.m2/repository/org/springframework/boot/spring-boot/3.4.2/spring-boot-3.4.2.jar:/root/.m2/repository/org/springframework/spring-context/6.2.2/spring-context-6.2.2.jar:/root/.m2/repository/org/springframework/spring-aop/6.2.2/spring-aop-6.2.2.jar:/root/.m2/repository/org/springframework/spring-expression/6.2.2/spring-expression-6.2.2.jar:/root/.m2/repository/org/springframework/boot/spring-boot-autoconfigure/3.4.2/spring-boot-autoconfigure-3.4.2.jar:/root/.m2/repository/org/springframework/boot/spring-boot-starter-logging/3.4.2/spring-boot-starter-logging-3.4.2.jar:/root/.m2/repository/ch/qos/logback/logback-classic/1.5.16/logback-classic-1.5.16.jar:/root/.m2/repository/ch/qos/logback/logback-core/1.5.16/logback-core-1.5.16.jar:/root/.m2/repository/org/apache/logging/log4j/log4j-to-slf4j/2.24.3/log4j-to-slf4j-2.24.3.jar:/root/.m2/repository/org/apache/logging/log4j/log4j-api/2.24.3/log4j-api-2.24.3.jar:/root/.m2/repository/org/slf4j/jul-to-slf4j/2.0.16/jul-to-slf4j-2.0.16.jar:/root/.m2/repository/jakarta/annotation/jakarta.annotation-api/2.1.1/jakarta.annotation-api-2.1.1.jar:/root/.m2/repository/org/springframework/spring-core/6.2.2/spring-core-6.2.2.jar:/root/.m2/repository/org/springframework/spring-jcl/6.2.2/spring-jcl-6.2.2.jar:/root/.m2/repository/org/yaml/snakeyaml/2.3/snakeyaml-2.3.jar:/root/.m2/repository/org/springframework/boot/spring-boot-starter-artemis/3.4.2/spring-boot-starter-artemis-3.4.2.jar:/root/.m2/repository/org/springframework/spring-jms/6.2.2/spring-jms-6.2.2.jar:/root/.m2/repository/org/springframework/spring-messaging/6.2.2/spring-messaging-6.2.2.jar:/root/.m2/repository/org/springframework/spring-tx/6.2.2/spring-tx-6.2.2.jar:/root/.m2/repository/org/apache/activemq/artemis-jakarta-client/2.37.0/artemis-jakarta-client-2.37.0.jar:/root/.m2/repository/org/apache/activemq/artemis-selector/2.37.0/artemis-selector-2.37.0.jar:/root/.m2/repository/org/apache/activemq/artemis-jms-server/2.37.0/artemis-jms-server-2.37.0.jar:/root/.m2/repository/org/slf4j/slf4j-api/2.0.16/slf4j-api-2.0.16.jar:/root/.m2/repository/org/apache/activemq/artemis-core-client/2.37.0/artemis-core-client-2.37.0.jar:/root/.m2/repository/org/jgroups/jgroups/5.3.10.Final/jgroups-5.3.10.Final.jar:/root/.m2/repository/io/netty/netty-transport-native-epoll/4.1.117.Final/netty-transport-native-epoll-4.1.117.Final-linux-x86_64.jar:/root/.m2/repository/io/netty/netty-transport-native-unix-common/4.1.117.Final/netty-transport-native-unix-common-4.1.117.Final.jar:/root/.m2/repository/io/netty/netty-transport-classes-epoll/4.1.117.Final/netty-transport-classes-epoll-4.1.117.Final.jar:/root/.m2/repository/io/netty/netty-transport-native-kqueue/4.1.117.Final/netty-transport-native-kqueue-4.1.117.Final-osx-x86_64.jar:/root/.m2/repository/io/netty/netty-transport-classes-kqueue/4.1.117.Final/netty-transport-classes-kqueue-4.1.117.Final.jar:/root/.m2/repository/io/netty/netty-codec-http/4.1.117.Final/netty-codec-http-4.1.117.Final.jar:/root/.m2/repository/io/netty/netty-buffer/4.1.117.Final/netty-buffer-4.1.117.Final.jar:/root/.m2/repository/io/netty/netty-transport/4.1.117.Final/netty-transport-4.1.117.Final.jar:/root/.m2/repository/io/netty/netty-handler/4.1.117.Final/netty-handler-4.1.117.Final.jar:/root/.m2/repository/io/netty/netty-handler-proxy/4.1.117.Final/netty-handler-proxy-4.1.117.Final.jar:/root/.m2/repository/io/netty/netty-codec/4.1.117.Final/netty-codec-4.1.117.Final.jar:/root/.m2/repository/io/netty/netty-codec-socks/4.1.117.Final/netty-codec-socks-4.1.117.Final.jar:/root/.m2/repository/io/netty/netty-common/4.1.117.Final/netty-common-4.1.117.Final.jar:/root/.m2/repository/io/netty/netty-resolver/4.1.117.Final/netty-resolver-4.1.117.Final.jar:/root/.m2/repository/de/dentrassi/crypto/pem-keystore/2.4.0/pem-keystore-2.4.0.jar:/root/.m2/repository/org/bouncycastle/bcprov-jdk18on/1.78/bcprov-jdk18on-1.78.jar:/root/.m2/repository/org/bouncycastle/bcpkix-jdk18on/1.78/bcpkix-jdk18on-1.78.jar:/root/.m2/repository/org/bouncycastle/bcutil-jdk18on/1.78/bcutil-jdk18on-1.78.jar:/root/.m2/repository/org/apache/activemq/artemis-jms-client/2.37.0/artemis-jms-client-2.37.0.jar:/root/.m2/repository/org/apache/activemq/artemis-server/2.37.0/artemis-server-2.37.0.jar:/root/.m2/repository/com/github/ben-manes/caffeine/caffeine/3.1.8/caffeine-3.1.8.jar:/root/.m2/repository/org/apache/activemq/artemis-jdbc-store/2.37.0/artemis-jdbc-store-2.37.0.jar:/root/.m2/repository/org/apache/commons/commons-dbcp2/2.12.0/commons-dbcp2-2.12.0.jar:/root/.m2/repository/org/apache/commons/commons-pool2/2.12.0/commons-pool2-2.12.0.jar:/root/.m2/repository/org/apache/activemq/artemis-lockmanager-api/2.37.0/artemis-lockmanager-api-2.37.0.jar:/root/.m2/repository/org/jctools/jctools-core/4.0.5/jctools-core-4.0.5.jar:/root/.m2/repository/commons-beanutils/commons-beanutils/1.9.4/commons-beanutils-1.9.4.jar:/root/.m2/repository/commons-logging/commons-logging/1.2/commons-logging-1.2.jar:/root/.m2/repository/org/apache/commons/commons-lang3/3.17.0/commons-lang3-3.17.0.jar:/root/.m2/repository/org/apache/commons/commons-configuration2/2.11.0/commons-configuration2-2.11.0.jar:/root/.m2/repository/org/apache/commons/commons-text/1.12.0/commons-text-1.12.0.jar:/root/.m2/repository/commons-collections/commons-collections/3.2.2/commons-collections-3.2.2.jar:/root/.m2/repository/io/micrometer/micrometer-core/1.14.3/micrometer-core-1.14.3.jar:/root/.m2/repository/org/apache/activemq/artemis-journal/2.37.0/artemis-journal-2.37.0.jar:/root/.m2/repository/org/apache/activemq/activemq-artemis-native/2.0.0/activemq-artemis-native-2.0.0.jar:/root/.m2/repository/org/apache/activemq/artemis-commons/2.37.0/artemis-commons-2.37.0.jar:/root/.m2/repository/org/apache/activemq/artemis-service-extensions/2.37.0/artemis-service-extensions-2.37.0.jar:/root/.m2/repository/jakarta/jms/jakarta.jms-api/3.1.0/jakarta.jms-api-3.1.0.jar:/root/.m2/repository/jakarta/transaction/jakarta.transaction-api/2.0.1/jakarta.transaction-api-2.0.1.jar:/root/.m2/repository/org/springframework/boot/spring-boot-starter-test/3.4.2/spring-boot-starter-test-3.4.2.jar:/root/.m2/repository/org/springframework/boot/spring-boot-test/3.4.2/spring-boot-test-3.4.2.jar:/root/.m2/repository/org/springframework/boot/spring-boot-test-autoconfigure/3.4.2/spring-boot-test-autoconfigure-3.4.2.jar:/root/.m2/repository/com/jayway/jsonpath/json-path/2.9.0/json-path-2.9.0.jar:/root/.m2/repository/jakarta/xml/bind/jakarta.xml.bind-api/4.0.2/jakarta.xml.bind-api-4.0.2.jar:/root/.m2/repository/jakarta/activation/jakarta.activation-api/2.1.3/jakarta.activation-api-2.1.3.jar:/root/.m2/repository/net/minidev/json-smart/2.5.1/json-smart-2.5.1.jar:/root/.m2/repository/net/minidev/accessors-smart/2.5.1/accessors-smart-2.5.1.jar:/root/.m2/repository/org/ow2/asm/asm/9.6/asm-9.6.jar:/root/.m2/repository/org/assertj/assertj-core/3.26.3/assertj-core-3.26.3.jar:/root/.m2/repository/net/bytebuddy/byte-buddy/1.15.11/byte-buddy-1.15.11.jar:/root/.m2/repository/org/awaitility/awaitility/4.2.2/awaitility-4.2.2.jar:/root/.m2/repository/org/hamcrest/hamcrest/2.2/hamcrest-2.2.jar:/root/.m2/repository/org/junit/jupiter/junit-jupiter/5.11.4/junit-jupiter-5.11.4.jar:/root/.m2/repository/org/junit/jupiter/junit-jupiter-api/5.11.4/junit-jupiter-api-5.11.4.jar:/root/.m2/repository/org/opentest4j/opentest4j/1.3.0/opentest4j-1.3.0.jar:/root/.m2/repository/org/junit/platform/junit-platform-commons/1.11.4/junit-platform-commons-1.11.4.jar:/root/.m2/repository/org/apiguardian/apiguardian-api/1.1.2/apiguardian-api-1.1.2.jar:/root/.m2/repository/org/junit/jupiter/junit-jupiter-params/5.11.4/junit-jupiter-params-5.11.4.jar:/root/.m2/repository/org/junit/jupiter/junit-jupiter-engine/5.11.4/junit-jupiter-engine-5.11.4.jar:/root/.m2/repository/org/junit/platform/junit-platform-engine/1.11.4/junit-platform-engine-1.11.4.jar:/root/.m2/repository/org/mockito/mockito-core/5.14.2/mockito-core-5.14.2.jar:/root/.m2/repository/net/bytebuddy/byte-buddy-agent/1.15.11/byte-buddy-agent-1.15.11.jar:/root/.m2/repository/org/objenesis/objenesis/3.3/objenesis-3.3.jar:/root/.m2/repository/org/mockito/mockito-junit-jupiter/5.14.2/mockito-junit-jupiter-5.14.2.jar:/root/.m2/repository/org/skyscreamer/jsonassert/1.5.3/jsonassert-1.5.3.jar:/root/.m2/repository/com/vaadin/external/google/android-json/0.0.20131108.vaadin1/android-json-0.0.20131108.vaadin1.jar:/root/.m2/repository/org/springframework/spring-test/6.2.2/spring-test-6.2.2.jar:/root/.m2/repository/org/xmlunit/xmlunit-core/2.10.0/xmlunit-core-2.10.0.jar:/root/.m2/repository/org/projectlombok/lombok/1.18.36/lombok-1.18.36.jar:/root/.m2/repository/org/springframework/spring-web/6.2.7/spring-web-6.2.7.jar:/root/.m2/repository/org/springframework/spring-beans/6.2.2/spring-beans-6.2.2.jar:/root/.m2/repository/io/micrometer/micrometer-observation/1.14.3/micrometer-observation-1.14.3.jar:/root/.m2/repository/io/micrometer/micrometer-commons/1.14.3/micrometer-commons-1.14.3.jar:"/>
    <property name="sun.cpu.endian" value="little"/>
    <property name="user.home" value="/root"/>
    <property name="user.language" value="en"/>
    <property name="java.specification.vendor" value="Oracle Corporation"/>
    <property name="java.version.date" value="2025-07-15"/>
    <property name="java.home" value="/usr/lib/jvm/java-21-openjdk-amd64"/>
    <property name="file.separator" value="/"/>
    <property name="basedir" value="/mnt/e/UT_Computer_Engineering/GitHub/Software-1_Course_Final_Project/WealthWise"/>
    <property name="java.vm.compressedOopsMode" value="32-bit"/>
    <property name="line.separator" value="&#10;"/>
    <property name="java.specification.name" value="Java Platform API Specification"/>
    <property name="java.vm.specification.vendor" value="Oracle Corporation"/>
    <property name="FILE_LOG_CHARSET" value="UTF-8"/>
    <property name="java.awt.headless" value="true"/>
    <property name="surefire.real.class.path" value="/mnt/e/UT_Computer_Engineering/GitHub/Software-1_Course_Final_Project/WealthWise/target/surefire/surefirebooter-20250825233024817_3.jar"/>
    <property name="sun.management.compiler" value="HotSpot 64-Bit Tiered Compilers"/>
    <property name="java.runtime.version" value="21.0.8+9-Ubuntu-0ubuntu122.04.1"/>
    <property name="user.name" value="root"/>
    <property name="stdout.encoding" value="UTF-8"/>
    <property name="path.separator" value=":"/>
    <property name="os.version" value="6.6.87.2-microsoft-standard-WSL2"/>
    <property name="java.runtime.name" value="OpenJDK Runtime Environment"/>
    <property name="file.encoding" value="UTF-8"/>
    <property name="java.vm.name" value="OpenJDK 64-Bit Server VM"/>
    <property name="localRepository" value="/root/.m2/repository"/>
    <property name="java.vendor.url.bug" value="https://bugs.launchpad.net/ubuntu/+source/openjdk-21"/>
    <property name="java.io.tmpdir" value="/tmp"/>
    <property name="java.version" value="21.0.8"/>
    <property name="user.dir" value="/mnt/e/UT_Computer_Engineering/GitHub/Software-1_Course_Final_Project/WealthWise"/>
    <property name="os.arch" value="amd64"/>
    <property name="java.vm.specification.name" value="Java Virtual Machine Specification"/>
    <property name="PID" value="23264"/>
    <property name="CONSOLE_LOG_CHARSET" value="UTF-8"/>
    <property name="native.encoding" value="UTF-8"/>
    <property name="java.library.path" value="/usr/java/packages/lib:/usr/lib/x86_64-linux-gnu/jni:/lib/x86_64-linux-gnu:/usr/lib/x86_64-linux-gnu:/usr/lib/jni:/lib:/usr/lib"/>
    <property name="stderr.encoding" value="UTF-8"/>
    <property name="java.vm.info" value="mixed mode, sharing"/>
    <property name="java.vendor" value="Ubuntu"/>
    <property name="java.vm.version" value="21.0.8+9-Ubuntu-0ubuntu122.04.1"/>
    <property name="sun.io.unicode.encoding" value="UnicodeLittle"/>
    <property name="java.class.version" value="65.0"/>
    <property name="LOGGED_APPLICATION_NAME" value="[WealthWise] "/>
  </properties>
  <testcase name="end_to_end_over_jms" classname="com.bourse.wealthwise.messaging.CapitalRaiseJmsAdapterTest" time="3.004">
    <system-out><![CDATA[23:30:27.061 [main] INFO org.springframework.test.context.support.AnnotationConfigContextLoaderUtils -- Could not detect default configuration classes for test class [com.bourse.wealthwise.messaging.CapitalRaiseJmsAdapterTest]: CapitalRaiseJmsAdapterTest does not declare any static, non-private, non-final, nested classes annotated with @Configuration.
23:30:27.836 [main] INFO org.springframework.boot.test.context.SpringBootTestContextBootstrapper -- Found @SpringBootConfiguration com.bourse.wealthwise.WealthWiseApplication for test class com.bourse.wealthwise.messaging.CapitalRaiseJmsAdapterTest

  .   ____          _            __ _ _
 /\\ / ___'_ __ _ _(_)_ __  __ _ \ \ \ \
( ( )\___ | '_ | '_| | '_ \/ _` | \ \ \ \
 \\/  ___)| |_)| | | | | || (_| |  ) ) ) )
  '  |____| .__|_| |_|_| |_\__, | / / / /
 =========|_|==============|___/=/_/_/_/

 :: Spring Boot ::                (v3.4.2)

2025-08-25T23:30:29.717+03:30  INFO 23264 --- [WealthWise] [           main] c.b.w.m.CapitalRaiseJmsAdapterTest       : Starting CapitalRaiseJmsAdapterTest using Java 21.0.8 with PID 23264 (started by root in /mnt/e/UT_Computer_Engineering/GitHub/Software-1_Course_Final_Project/WealthWise)
2025-08-25T23:30:29.722+03:30  INFO 23264 --- [WealthWise] [           main] c.b.w.m.CapitalRaiseJmsAdapterTest       : No active profile set, falling back to 1 default profile: "default"
2025-08-25T23:30:33.898+03:30  INFO 23264 --- [WealthWise] [           main] o.apache.activemq.artemis.core.server    : AMQ221000: Primary message broker is starting with configuration Broker Configuration (clustered=false,journalDirectory=/tmp/artemis-data/journal,bindingsDirectory=data/bindings,largeMessagesDirectory=data/largemessages,pagingDirectory=data/paging)
2025-08-25T23:30:33.937+03:30  INFO 23264 --- [WealthWise] [           main] o.apache.activemq.artemis.core.server    : AMQ221045: libaio is not available, switching the configuration into NIO
2025-08-25T23:30:34.008+03:30  INFO 23264 --- [WealthWise] [           main] o.apache.activemq.artemis.core.server    : AMQ221057: Global Max Size is being adjusted to 1/2 of the JVM max size (-Xmx). being defined as 1035993088
2025-08-25T23:30:34.146+03:30  INFO 23264 --- [WealthWise] [           main] o.apache.activemq.artemis.core.server    : AMQ221043: Protocol module found: [artemis-server]. Adding protocol support for: CORE
2025-08-25T23:30:34.223+03:30  INFO 23264 --- [WealthWise] [           main] org.apache.activemq.audit.base           : AMQ601138: User anonymous@unknown is getting notification info on target resource: null
2025-08-25T23:30:34.226+03:30  INFO 23264 --- [WealthWise] [           main] org.apache.activemq.audit.base           : AMQ601019: User anonymous@unknown is getting mbean info on target resource: org.apache.activemq.artemis.core.management.impl.ActiveMQServerControlImpl@51b77cdf
2025-08-25T23:30:34.226+03:30  INFO 23264 --- [WealthWise] [           main] org.apache.activemq.audit.base           : AMQ601138: User anonymous@unknown is getting notification info on target resource: ActiveMQServerImpl::name=localhost
2025-08-25T23:30:34.256+03:30  INFO 23264 --- [WealthWise] [           main] o.apache.activemq.artemis.core.server    : AMQ224092: Despite disabled persistence, page files will be persisted.
2025-08-25T23:30:34.309+03:30  INFO 23264 --- [WealthWise] [           main] o.apache.activemq.artemis.core.server    : AMQ221080: Deploying address DLQ supporting [ANYCAST]
2025-08-25T23:30:34.317+03:30  INFO 23264 --- [WealthWise] [           main] org.apache.activemq.audit.base           : AMQ601019: User anonymous@unknown is getting mbean info on target resource: org.apache.activemq.artemis.core.management.impl.AddressControlImpl@4887de2b
2025-08-25T23:30:34.329+03:30  INFO 23264 --- [WealthWise] [           main] o.apache.activemq.artemis.core.server    : AMQ221003: Deploying ANYCAST queue DLQ on address DLQ
2025-08-25T23:30:34.846+03:30  INFO 23264 --- [WealthWise] [           main] org.apache.activemq.audit.base           : AMQ601019: User anonymous@unknown is getting mbean info on target resource: org.apache.activemq.artemis.core.management.impl.QueueControlImpl@664632e9
2025-08-25T23:30:34.849+03:30  INFO 23264 --- [WealthWise] [           main] o.apache.activemq.artemis.core.server    : AMQ221080: Deploying address ExpiryQueue supporting [ANYCAST]
2025-08-25T23:30:34.850+03:30  INFO 23264 --- [WealthWise] [           main] org.apache.activemq.audit.base           : AMQ601019: User anonymous@unknown is getting mbean info on target resource: org.apache.activemq.artemis.core.management.impl.AddressControlImpl@494c8f29
2025-08-25T23:30:34.851+03:30  INFO 23264 --- [WealthWise] [           main] o.apache.activemq.artemis.core.server    : AMQ221003: Deploying ANYCAST queue ExpiryQueue on address ExpiryQueue
2025-08-25T23:30:34.852+03:30  INFO 23264 --- [WealthWise] [           main] org.apache.activemq.audit.base           : AMQ601019: User anonymous@unknown is getting mbean info on target resource: org.apache.activemq.artemis.core.management.impl.QueueControlImpl@4f379769
2025-08-25T23:30:34.855+03:30  INFO 23264 --- [WealthWise] [           main] org.apache.activemq.audit.base           : AMQ601019: User anonymous@unknown is getting mbean info on target resource: org.apache.activemq.artemis.core.management.impl.AddressControlImpl@73041b7d
2025-08-25T23:30:35.054+03:30  INFO 23264 --- [WealthWise] [           main] org.apache.activemq.audit.base           : AMQ601019: User anonymous@unknown is getting mbean info on target resource: org.apache.activemq.artemis.core.management.impl.AcceptorControlImpl@67e0ff3a
2025-08-25T23:30:35.079+03:30  INFO 23264 --- [WealthWise] [           main] o.apache.activemq.artemis.core.server    : AMQ221007: Server is now active
2025-08-25T23:30:35.080+03:30  INFO 23264 --- [WealthWise] [           main] o.apache.activemq.artemis.core.server    : AMQ221001: Apache ActiveMQ Artemis Message Broker version 2.37.0 [localhost, nodeID=290469e4-81ee-11f0-a1a0-00155dea0b44] 
2025-08-25T23:30:35.860+03:30  INFO 23264 --- [WealthWise] [           main] org.apache.activemq.audit.resource       : AMQ601767: CORE connection 2a280259-81ee-11f0-a1a0-00155dea0b44 for user unknown@invm:0 created
2025-08-25T23:30:36.209+03:30  INFO 23264 --- [WealthWise] [name=localhost)] org.apache.activemq.audit.base           : AMQ601267: User anonymous@invm:0 is creating a core session on target resource ActiveMQServerImpl::name=localhost with parameters: [2a65597c-81ee-11f0-a1a0-00155dea0b44, null, ****, 102400, RemotingConnectionImpl [ID=2a280259-81ee-11f0-a1a0-00155dea0b44, clientID=null, nodeID=290469e4-81ee-11f0-a1a0-00155dea0b44, transportConnection=InVMConnection [serverID=0, id=2a280259-81ee-11f0-a1a0-00155dea0b44]], false, false, false, false, null, org.apache.activemq.artemis.core.protocol.core.impl.CoreSessionCallback@6102b8b2, true, {}]
2025-08-25T23:30:36.373+03:30  INFO 23264 --- [WealthWise] [           main] org.apache.activemq.audit.resource       : AMQ601767: CORE connection 2a80347d-81ee-11f0-a1a0-00155dea0b44 for user unknown@invm:0 created
2025-08-25T23:30:36.374+03:30  INFO 23264 --- [WealthWise] [name=localhost)] org.apache.activemq.audit.base           : AMQ601267: User anonymous@invm:0 is creating a core session on target resource ActiveMQServerImpl::name=localhost with parameters: [2a80347e-81ee-11f0-a1a0-00155dea0b44, null, ****, 102400, RemotingConnectionImpl [ID=2a280259-81ee-11f0-a1a0-00155dea0b44, clientID=null, nodeID=290469e4-81ee-11f0-a1a0-00155dea0b44, transportConnection=InVMConnection [serverID=0, id=2a280259-81ee-11f0-a1a0-00155dea0b44]], false, false, false, false, null, org.apache.activemq.artemis.core.protocol.core.impl.CoreSessionCallback@1a206b47, true, {}]
2025-08-25T23:30:36.375+03:30  INFO 23264 --- [WealthWise] [name=localhost)] org.apache.activemq.audit.base           : AMQ601267: User anonymous@invm:0 is creating a core session on target resource ActiveMQServerImpl::name=localhost with parameters: [2a805b91-81ee-11f0-a1a0-00155dea0b44, null, ****, 102400, RemotingConnectionImpl [ID=2a80347d-81ee-11f0-a1a0-00155dea0b44, clientID=null, nodeID=290469e4-81ee-11f0-a1a0-00155dea0b44, transportConnection=InVMConnection [serverID=0, id=2a80347d-81ee-11f0-a1a0-00155dea0b44]], false, false, false, false, null, org.apache.activemq.artemis.core.protocol.core.impl.CoreSessionCallback@cc6a489, true, {}]
2025-08-25T23:30:36.389+03:30  INFO 23264 --- [WealthWise] [name=localhost)] org.apache.activemq.audit.base           : AMQ601267: User anonymous@invm:0 is creating a core session on target resource ActiveMQServerImpl::name=localhost with parameters: [2a81bb22-81ee-11f0-a1a0-00155dea0b44, null, ****, 102400, RemotingConnectionImpl [ID=2a80347d-81ee-11f0-a1a0-00155dea0b44, clientID=null, nodeID=290469e4-81ee-11f0-a1a0-00155dea0b44, transportConnection=InVMConnection [serverID=0, id=2a80347d-81ee-11f0-a1a0-00155dea0b44]], false, false, false, false, null, org.apache.activemq.artemis.core.protocol.core.impl.CoreSessionCallback@63ecff9, true, {}]
2025-08-25T23:30:36.395+03:30  INFO 23264 --- [WealthWise] [           main] c.b.w.m.CapitalRaiseJmsAdapterTest       : Started CapitalRaiseJmsAdapterTest in 7.839 seconds (process running for 11.93)
2025-08-25T23:30:36.518+03:30  INFO 23264 --- [WealthWise] [name=localhost)] org.apache.activemq.audit.resource       : AMQ601065: User anonymous@invm:0 is creating a queue on target resource: ServerSessionImpl() with parameters: [QueueConfiguration [id=null, name=capital-raise, address=capital-raise, routingType=ANYCAST, filterString=null, durable=true, user=null, maxConsumers=-1, exclusive=null, groupRebalance=null, groupRebalancePauseDispatch=null, groupBuckets=null, groupFirstKey=null, lastValue=null, lastValueKey=null, nonDestructive=null, purgeOnNoConsumers=false, enabled=null, consumersBeforeDispatch=null, delayBeforeDispatch=null, consumerPriority=null, autoDelete=null, autoDeleteDelay=null, autoDeleteMessageCount=null, ringSize=null, configurationManaged=null, temporary=false, autoCreateAddress=null, internal=null, transient=null, autoCreated=true, fqqn=null]]
2025-08-25T23:30:36.518+03:30  INFO 23264 --- [WealthWise] [name=localhost)] org.apache.activemq.audit.resource       : AMQ601065: User anonymous@invm:0 is creating a queue on target resource: ServerSessionImpl() with parameters: [QueueConfiguration [id=null, name=capital.raise.announcements, address=capital.raise.announcements, routingType=ANYCAST, filterString=null, durable=true, user=null, maxConsumers=-1, exclusive=null, groupRebalance=null, groupRebalancePauseDispatch=null, groupBuckets=null, groupFirstKey=null, lastValue=null, lastValueKey=null, nonDestructive=null, purgeOnNoConsumers=false, enabled=null, consumersBeforeDispatch=null, delayBeforeDispatch=null, consumerPriority=null, autoDelete=null, autoDeleteDelay=null, autoDeleteMessageCount=null, ringSize=null, configurationManaged=null, temporary=false, autoCreateAddress=null, internal=null, transient=null, autoCreated=true, fqqn=null]]
2025-08-25T23:30:36.551+03:30  INFO 23264 --- [WealthWise] [name=localhost)] org.apache.activemq.audit.base           : AMQ601019: User anonymous@invm:0 is getting mbean info on target resource: org.apache.activemq.artemis.core.management.impl.AddressControlImpl@54eef745
2025-08-25T23:30:36.554+03:30  INFO 23264 --- [WealthWise] [name=localhost)] org.apache.activemq.audit.base           : AMQ601019: User anonymous@invm:0 is getting mbean info on target resource: org.apache.activemq.artemis.core.management.impl.QueueControlImpl@109ef4c5
2025-08-25T23:30:36.555+03:30  INFO 23264 --- [WealthWise] [name=localhost)] org.apache.activemq.audit.base           : AMQ601019: User anonymous@invm:0 is getting mbean info on target resource: org.apache.activemq.artemis.core.management.impl.AddressControlImpl@29003ac9
2025-08-25T23:30:36.556+03:30  INFO 23264 --- [WealthWise] [name=localhost)] org.apache.activemq.audit.base           : AMQ601019: User anonymous@invm:0 is getting mbean info on target resource: org.apache.activemq.artemis.core.management.impl.QueueControlImpl@576a5ed6
2025-08-25T23:30:36.562+03:30  INFO 23264 --- [WealthWise] [name=localhost)] org.apache.activemq.audit.base           : AMQ601265: User anonymous@invm:0 is creating a core consumer on target resource ServerSessionImpl() with parameters: [0, capital.raise.announcements, null, 0, false, true, null]
2025-08-25T23:30:36.562+03:30  INFO 23264 --- [WealthWise] [name=localhost)] org.apache.activemq.audit.base           : AMQ601265: User anonymous@invm:0 is creating a core consumer on target resource ServerSessionImpl() with parameters: [0, capital-raise, null, 0, false, true, null]
2025-08-25T23:30:38.838+03:30  INFO 23264 --- [WealthWise] [           main] org.apache.activemq.audit.resource       : AMQ601767: CORE connection 2bf82e85-81ee-11f0-a1a0-00155dea0b44 for user unknown@invm:0 created
2025-08-25T23:30:38.840+03:30  INFO 23264 --- [WealthWise] [name=localhost)] org.apache.activemq.audit.base           : AMQ601267: User anonymous@invm:0 is creating a core session on target resource ActiveMQServerImpl::name=localhost with parameters: [2bf87ca8-81ee-11f0-a1a0-00155dea0b44, null, ****, 102400, RemotingConnectionImpl [ID=2bf82e85-81ee-11f0-a1a0-00155dea0b44, clientID=null, nodeID=290469e4-81ee-11f0-a1a0-00155dea0b44, transportConnection=InVMConnection [serverID=0, id=2bf82e85-81ee-11f0-a1a0-00155dea0b44]], false, false, false, false, null, org.apache.activemq.artemis.core.protocol.core.impl.CoreSessionCallback@52bcb85f, true, {}]
2025-08-25T23:30:38.852+03:30  INFO 23264 --- [WealthWise] [name=localhost)] org.apache.activemq.audit.base           : AMQ601267: User anonymous@invm:0 is creating a core session on target resource ActiveMQServerImpl::name=localhost with parameters: [2bfa7879-81ee-11f0-a1a0-00155dea0b44, null, ****, 102400, RemotingConnectionImpl [ID=2bf82e85-81ee-11f0-a1a0-00155dea0b44, clientID=null, nodeID=290469e4-81ee-11f0-a1a0-00155dea0b44, transportConnection=InVMConnection [serverID=0, id=2bf82e85-81ee-11f0-a1a0-00155dea0b44]], true, true, false, false, null, org.apache.activemq.artemis.core.protocol.core.impl.CoreSessionCallback@69ed64cc, true, {}]
2025-08-25T23:30:38.952+03:30  INFO 23264 --- [WealthWise] [name=localhost)] org.apache.activemq.audit.message        : AMQ601501: User anonymous@invm:0 is consuming a message from capital.raise.announcements: Reference[39]:RELIABLE:CoreMessage[messageID=39, durable=true, userID=2c02b5db-81ee-11f0-a1a0-00155dea0b44, priority=4, timestamp=Mon Aug 25 23:30:38 IRST 2025, expiration=0, durable=true, address=capital.raise.announcements, size=300, properties=TypedProperties[__AMQ_CID=2bf87ca7-81ee-11f0-a1a0-00155dea0b44, _AMQ_ROUTING_TYPE=1]]@33012341
2025-08-25T23:30:38.952+03:30  INFO 23264 --- [WealthWise] [name=localhost)] org.apache.activemq.audit.message        : AMQ601500: User anonymous@invm:0 sent a message CoreMessage[messageID=39, durable=true, userID=2c02b5db-81ee-11f0-a1a0-00155dea0b44, priority=4, timestamp=Mon Aug 25 23:30:38 IRST 2025, expiration=0, durable=true, address=capital.raise.announcements, size=300, properties=TypedProperties[__AMQ_CID=2bf87ca7-81ee-11f0-a1a0-00155dea0b44, _AMQ_ROUTING_TYPE=1]]@33012341, context: RoutingContextImpl(Address=capital.raise.announcements, routingType=ANYCAST, PreviousAddress=capital.raise.announcements previousRoute:ANYCAST, reusable=true, version=-2147483644)
..................................................
***** durable queues capital.raise.announcements:
- queueID=20 address:capital.raise.announcements name:capital.raise.announcements filter:null
***** non durable for capital.raise.announcements:
..................................................
, transaction: null
2025-08-25T23:30:39.058+03:30  INFO 23264 --- [WealthWise] [name=localhost)] org.apache.activemq.audit.message        : AMQ601759: User anonymous@invm:0 added acknowledgement of a message from capital.raise.announcements: CoreMessage[messageID=39, durable=true, userID=2c02b5db-81ee-11f0-a1a0-00155dea0b44, priority=4, timestamp=Mon Aug 25 23:30:38 IRST 2025, expiration=0, durable=true, address=capital.raise.announcements, size=300, properties=TypedProperties[__AMQ_CID=2bf87ca7-81ee-11f0-a1a0-00155dea0b44, _AMQ_ROUTING_TYPE=1]]@33012341 to transaction: TransactionImpl [xid=null, txID=34, xid=null, state=ACTIVE, createTime=1756152038652(Mon Aug 25 23:30:38 IRST 2025), timeoutSeconds=300, nr operations = 1]@10a99c01
2025-08-25T23:30:39.061+03:30  INFO 23264 --- [WealthWise] [name=localhost)] org.apache.activemq.audit.message        : AMQ601502: User anonymous@invm:0 acknowledged message from capital.raise.announcements: CoreMessage[messageID=39, durable=true, userID=2c02b5db-81ee-11f0-a1a0-00155dea0b44, priority=4, timestamp=Mon Aug 25 23:30:38 IRST 2025, expiration=0, durable=true, address=capital.raise.announcements, size=300, properties=TypedProperties[__AMQ_CID=2bf87ca7-81ee-11f0-a1a0-00155dea0b44, _AMQ_ROUTING_TYPE=1]]@33012341, transaction: TransactionImpl [xid=null, txID=34, xid=null, state=COMMITTED, createTime=1756152038652(Mon Aug 25 23:30:38 IRST 2025), timeoutSeconds=300, nr operations = 0]@10a99c01
]]></system-out>
    <system-err><![CDATA[Mockito is currently self-attaching to enable the inline-mock-maker. This will no longer work in future releases of the JDK. Please add Mockito as an agent to your build what is described in Mockito's documentation: https://javadoc.io/doc/org.mockito/mockito-core/latest/org/mockito/Mockito.html#0.3
WARNING: A Java agent has been loaded dynamically (/root/.m2/repository/net/bytebuddy/byte-buddy-agent/1.15.11/byte-buddy-agent-1.15.11.jar)
WARNING: If a serviceability tool is in use, please run with -XX:+EnableDynamicAgentLoading to hide this warning
WARNING: If a serviceability tool is not in use, please run with -Djdk.instrument.traceUsage for more information
WARNING: Dynamic loading of agents will be disallowed by default in a future release
]]></system-err>
  </testcase>
</testsuite>