<?xml version="1.0" encoding="UTF-8"?>
<testsuite xmlns:xsi="http://www.w3.org/2001/XMLSchema-instance" xsi:noNamespaceSchemaLocation="https://maven.apache.org/surefire/maven-surefire-plugin/xsd/surefire-test-report.xsd" version="3.0.2" name="com.bourse.wealthwise.messaging.CapitalRaiseParserTest" time="0.008" tests="4" errors="0" skipped="0" failures="0">
  <properties>
    <property name="java.specification.version" value="21"/>
    <property name="sun.jnu.encoding" value="UTF-8"/>
    <property name="java.class.path" value="/mnt/c/aidin/AIDIN/peregrine/term-6/se1/cas/p4/Software-1_Course_Final_Project/WealthWise/target/test-classes:/mnt/c/aidin/AIDIN/peregrine/term-6/se1/cas/p4/Software-1_Course_Final_Project/WealthWise/target/classes:/home/aidin/.m2/repository/org/springframework/boot/spring-boot-starter/3.4.2/spring-boot-starter-3.4.2.jar:/home/aidin/.m2/repository/org/springframework/boot/spring-boot/3.4.2/spring-boot-3.4.2.jar:/home/aidin/.m2/repository/org/springframework/spring-context/6.2.2/spring-context-6.2.2.jar:/home/aidin/.m2/repository/org/springframework/spring-aop/6.2.2/spring-aop-6.2.2.jar:/home/aidin/.m2/repository/org/springframework/spring-expression/6.2.2/spring-expression-6.2.2.jar:/home/aidin/.m2/repository/org/springframework/boot/spring-boot-autoconfigure/3.4.2/spring-boot-autoconfigure-3.4.2.jar:/home/aidin/.m2/repository/org/springframework/boot/spring-boot-starter-logging/3.4.2/spring-boot-starter-logging-3.4.2.jar:/home/aidin/.m2/repository/ch/qos/logback/logback-classic/1.5.16/logback-classic-1.5.16.jar:/home/aidin/.m2/repository/ch/qos/logback/logback-core/1.5.16/logback-core-1.5.16.jar:/home/aidin/.m2/repository/org/apache/logging/log4j/log4j-to-slf4j/2.24.3/log4j-to-slf4j-2.24.3.jar:/home/aidin/.m2/repository/org/apache/logging/log4j/log4j-api/2.24.3/log4j-api-2.24.3.jar:/home/aidin/.m2/repository/org/slf4j/jul-to-slf4j/2.0.16/jul-to-slf4j-2.0.16.jar:/home/aidin/.m2/repository/jakarta/annotation/jakarta.annotation-api/2.1.1/jakarta.annotation-api-2.1.1.jar:/home/aidin/.m2/repository/org/springframework/spring-core/6.2.2/spring-core-6.2.2.jar:/home/aidin/.m2/repository/org/springframework/spring-jcl/6.2.2/spring-jcl-6.2.2.jar:/home/aidin/.m2/repository/org/yaml/snakeyaml/2.3/snakeyaml-2.3.jar:/home/aidin/.m2/repository/org/springframework/boot/spring-boot-starter-artemis/3.4.2/spring-boot-starter-artemis-3.4.2.jar:/home/aidin/.m2/repository/org/springframework/spring-jms/6.2.2/spring-jms-6.2.2.jar:/home/aidin/.m2/repository/org/springframework/spring-messaging/6.2.2/spring-messaging-6.2.2.jar:/home/aidin/.m2/repository/org/springframework/spring-tx/6.2.2/spring-tx-6.2.2.jar:/home/aidin/.m2/repository/org/apache/activemq/artemis-jakarta-client/2.37.0/artemis-jakarta-client-2.37.0.jar:/home/aidin/.m2/repository/org/apache/activemq/artemis-selector/2.37.0/artemis-selector-2.37.0.jar:/home/aidin/.m2/repository/org/apache/activemq/artemis-jms-server/2.37.0/artemis-jms-server-2.37.0.jar:/home/aidin/.m2/repository/org/slf4j/slf4j-api/2.0.16/slf4j-api-2.0.16.jar:/home/aidin/.m2/repository/org/apache/activemq/artemis-core-client/2.37.0/artemis-core-client-2.37.0.jar:/home/aidin/.m2/repository/org/jgroups/jgroups/5.3.10.Final/jgroups-5.3.10.Final.jar:/home/aidin/.m2/repository/io/netty/netty-transport-native-epoll/4.1.117.Final/netty-transport-native-epoll-4.1.117.Final-linux-x86_64.jar:/home/aidin/.m2/repository/io/netty/netty-transport-native-unix-common/4.1.117.Final/netty-transport-native-unix-common-4.1.117.Final.jar:/home/aidin/.m2/repository/io/netty/netty-transport-classes-epoll/4.1.117.Final/netty-transport-classes-epoll-4.1.117.Final.jar:/home/aidin/.m2/repository/io/netty/netty-transport-native-kqueue/4.1.117.Final/netty-transport-native-kqueue-4.1.117.Final-osx-x86_64.jar:/home/aidin/.m2/repository/io/netty/netty-transport-classes-kqueue/4.1.117.Final/netty-transport-classes-kqueue-4.1.117.Final.jar:/home/aidin/.m2/repository/io/netty/netty-codec-http/4.1.117.Final/netty-codec-http-4.1.117.Final.jar:/home/aidin/.m2/repository/io/netty/netty-buffer/4.1.117.Final/netty-buffer-4.1.117.Final.jar:/home/aidin/.m2/repository/io/netty/netty-transport/4.1.117.Final/netty-transport-4.1.117.Final.jar:/home/aidin/.m2/repository/io/netty/netty-handler/4.1.117.Final/netty-handler-4.1.117.Final.jar:/home/aidin/.m2/repository/io/netty/netty-handler-proxy/4.1.117.Final/netty-handler-proxy-4.1.117.Final.jar:/home/aidin/.m2/repository/io/netty/netty-codec/4.1.117.Final/netty-codec-4.1.117.Final.jar:/home/aidin/.m2/repository/io/netty/netty-codec-socks/4.1.117.Final/netty-codec-socks-4.1.117.Final.jar:/home/aidin/.m2/repository/io/netty/netty-common/4.1.117.Final/netty-common-4.1.117.Final.jar:/home/aidin/.m2/repository/io/netty/netty-resolver/4.1.117.Final/netty-resolver-4.1.117.Final.jar:/home/aidin/.m2/repository/de/dentrassi/crypto/pem-keystore/2.4.0/pem-keystore-2.4.0.jar:/home/aidin/.m2/repository/org/bouncycastle/bcprov-jdk18on/1.78/bcprov-jdk18on-1.78.jar:/home/aidin/.m2/repository/org/bouncycastle/bcpkix-jdk18on/1.78/bcpkix-jdk18on-1.78.jar:/home/aidin/.m2/repository/org/bouncycastle/bcutil-jdk18on/1.78/bcutil-jdk18on-1.78.jar:/home/aidin/.m2/repository/org/apache/activemq/artemis-jms-client/2.37.0/artemis-jms-client-2.37.0.jar:/home/aidin/.m2/repository/org/apache/activemq/artemis-server/2.37.0/artemis-server-2.37.0.jar:/home/aidin/.m2/repository/com/github/ben-manes/caffeine/caffeine/3.1.8/caffeine-3.1.8.jar:/home/aidin/.m2/repository/org/apache/activemq/artemis-jdbc-store/2.37.0/artemis-jdbc-store-2.37.0.jar:/home/aidin/.m2/repository/org/apache/commons/commons-dbcp2/2.12.0/commons-dbcp2-2.12.0.jar:/home/aidin/.m2/repository/org/apache/commons/commons-pool2/2.12.0/commons-pool2-2.12.0.jar:/home/aidin/.m2/repository/org/apache/activemq/artemis-lockmanager-api/2.37.0/artemis-lockmanager-api-2.37.0.jar:/home/aidin/.m2/repository/org/jctools/jctools-core/4.0.5/jctools-core-4.0.5.jar:/home/aidin/.m2/repository/commons-beanutils/commons-beanutils/1.9.4/commons-beanutils-1.9.4.jar:/home/aidin/.m2/repository/commons-logging/commons-logging/1.2/commons-logging-1.2.jar:/home/aidin/.m2/repository/org/apache/commons/commons-lang3/3.17.0/commons-lang3-3.17.0.jar:/home/aidin/.m2/repository/org/apache/commons/commons-configuration2/2.11.0/commons-configuration2-2.11.0.jar:/home/aidin/.m2/repository/org/apache/commons/commons-text/1.12.0/commons-text-1.12.0.jar:/home/aidin/.m2/repository/commons-collections/commons-collections/3.2.2/commons-collections-3.2.2.jar:/home/aidin/.m2/repository/io/micrometer/micrometer-core/1.14.3/micrometer-core-1.14.3.jar:/home/aidin/.m2/repository/org/apache/activemq/artemis-journal/2.37.0/artemis-journal-2.37.0.jar:/home/aidin/.m2/repository/org/apache/activemq/activemq-artemis-native/2.0.0/activemq-artemis-native-2.0.0.jar:/home/aidin/.m2/repository/org/apache/activemq/artemis-commons/2.37.0/artemis-commons-2.37.0.jar:/home/aidin/.m2/repository/org/apache/activemq/artemis-service-extensions/2.37.0/artemis-service-extensions-2.37.0.jar:/home/aidin/.m2/repository/jakarta/jms/jakarta.jms-api/3.1.0/jakarta.jms-api-3.1.0.jar:/home/aidin/.m2/repository/jakarta/transaction/jakarta.transaction-api/2.0.1/jakarta.transaction-api-2.0.1.jar:/home/aidin/.m2/repository/org/springframework/boot/spring-boot-starter-test/3.4.2/spring-boot-starter-test-3.4.2.jar:/home/aidin/.m2/repository/org/springframework/boot/spring-boot-test/3.4.2/spring-boot-test-3.4.2.jar:/home/aidin/.m2/repository/org/springframework/boot/spring-boot-test-autoconfigure/3.4.2/spring-boot-test-autoconfigure-3.4.2.jar:/home/aidin/.m2/repository/com/jayway/jsonpath/json-path/2.9.0/json-path-2.9.0.jar:/home/aidin/.m2/repository/jakarta/xml/bind/jakarta.xml.bind-api/4.0.2/jakarta.xml.bind-api-4.0.2.jar:/home/aidin/.m2/repository/jakarta/activation/jakarta.activation-api/2.1.3/jakarta.activation-api-2.1.3.jar:/home/aidin/.m2/repository/net/minidev/json-smart/2.5.1/json-smart-2.5.1.jar:/home/aidin/.m2/repository/net/minidev/accessors-smart/2.5.1/accessors-smart-2.5.1.jar:/home/aidin/.m2/repository/org/ow2/asm/asm/9.6/asm-9.6.jar:/home/aidin/.m2/repository/org/assertj/assertj-core/3.26.3/assertj-core-3.26.3.jar:/home/aidin/.m2/repository/net/bytebuddy/byte-buddy/1.15.11/byte-buddy-1.15.11.jar:/home/aidin/.m2/repository/org/awaitility/awaitility/4.2.2/awaitility-4.2.2.jar:/home/aidin/.m2/repository/org/hamcrest/hamcrest/2.2/hamcrest-2.2.jar:/home/aidin/.m2/repository/org/junit/jupiter/junit-jupiter/5.11.4/junit-jupiter-5.11.4.jar:/home/aidin/.m2/repository/org/junit/jupiter/junit-jupiter-api/5.11.4/junit-jupiter-api-5.11.4.jar:/home/aidin/.m2/repository/org/opentest4j/opentest4j/1.3.0/opentest4j-1.3.0.jar:/home/aidin/.m2/repository/org/junit/platform/junit-platform-commons/1.11.4/junit-platform-commons-1.11.4.jar:/home/aidin/.m2/repository/org/apiguardian/apiguardian-api/1.1.2/apiguardian-api-1.1.2.jar:/home/aidin/.m2/repository/org/junit/jupiter/junit-jupiter-params/5.11.4/junit-jupiter-params-5.11.4.jar:/home/aidin/.m2/repository/org/junit/jupiter/junit-jupiter-engine/5.11.4/junit-jupiter-engine-5.11.4.jar:/home/aidin/.m2/repository/org/junit/platform/junit-platform-engine/1.11.4/junit-platform-engine-1.11.4.jar:/home/aidin/.m2/repository/org/mockito/mockito-core/5.14.2/mockito-core-5.14.2.jar:/home/aidin/.m2/repository/net/bytebuddy/byte-buddy-agent/1.15.11/byte-buddy-agent-1.15.11.jar:/home/aidin/.m2/repository/org/objenesis/objenesis/3.3/objenesis-3.3.jar:/home/aidin/.m2/repository/org/mockito/mockito-junit-jupiter/5.14.2/mockito-junit-jupiter-5.14.2.jar:/home/aidin/.m2/repository/org/skyscreamer/jsonassert/1.5.3/jsonassert-1.5.3.jar:/home/aidin/.m2/repository/com/vaadin/external/google/android-json/0.0.20131108.vaadin1/android-json-0.0.20131108.vaadin1.jar:/home/aidin/.m2/repository/org/springframework/spring-test/6.2.2/spring-test-6.2.2.jar:/home/aidin/.m2/repository/org/xmlunit/xmlunit-core/2.10.0/xmlunit-core-2.10.0.jar:/home/aidin/.m2/repository/org/projectlombok/lombok/1.18.36/lombok-1.18.36.jar:/home/aidin/.m2/repository/org/springframework/spring-web/6.2.7/spring-web-6.2.7.jar:/home/aidin/.m2/repository/org/springframework/spring-beans/6.2.2/spring-beans-6.2.2.jar:/home/aidin/.m2/repository/io/micrometer/micrometer-observation/1.14.3/micrometer-observation-1.14.3.jar:/home/aidin/.m2/repository/io/micrometer/micrometer-commons/1.14.3/micrometer-commons-1.14.3.jar:"/>
    <property name="java.vm.vendor" value="Ubuntu"/>
    <property name="sun.arch.data.model" value="64"/>
    <property name="java.vendor.url" value="https://ubuntu.com/"/>
    <property name="user.timezone" value="Asia/Tehran"/>
    <property name="os.name" value="Linux"/>
    <property name="java.vm.specification.version" value="21"/>
    <property name="APPLICATION_NAME" value="WealthWise"/>
    <property name="sun.java.launcher" value="SUN_STANDARD"/>
    <property name="sun.boot.library.path" value="/usr/lib/jvm/java-21-openjdk-amd64/lib"/>
    <property name="sun.java.command" value="/mnt/c/aidin/AIDIN/peregrine/term-6/se1/cas/p4/Software-1_Course_Final_Project/WealthWise/target/surefire/surefirebooter-20250824151554900_3.jar /mnt/c/aidin/AIDIN/peregrine/term-6/se1/cas/p4/Software-1_Course_Final_Project/WealthWise/target/surefire 2025-08-24T15-15-54_556-jvmRun1 surefire-20250824151554900_1tmp surefire_0-20250824151554900_2tmp"/>
    <property name="jdk.debug" value="release"/>
    <property name="surefire.test.class.path" value="/mnt/c/aidin/AIDIN/peregrine/term-6/se1/cas/p4/Software-1_Course_Final_Project/WealthWise/target/test-classes:/mnt/c/aidin/AIDIN/peregrine/term-6/se1/cas/p4/Software-1_Course_Final_Project/WealthWise/target/classes:/home/aidin/.m2/repository/org/springframework/boot/spring-boot-starter/3.4.2/spring-boot-starter-3.4.2.jar:/home/aidin/.m2/repository/org/springframework/boot/spring-boot/3.4.2/spring-boot-3.4.2.jar:/home/aidin/.m2/repository/org/springframework/spring-context/6.2.2/spring-context-6.2.2.jar:/home/aidin/.m2/repository/org/springframework/spring-aop/6.2.2/spring-aop-6.2.2.jar:/home/aidin/.m2/repository/org/springframework/spring-expression/6.2.2/spring-expression-6.2.2.jar:/home/aidin/.m2/repository/org/springframework/boot/spring-boot-autoconfigure/3.4.2/spring-boot-autoconfigure-3.4.2.jar:/home/aidin/.m2/repository/org/springframework/boot/spring-boot-starter-logging/3.4.2/spring-boot-starter-logging-3.4.2.jar:/home/aidin/.m2/repository/ch/qos/logback/logback-classic/1.5.16/logback-classic-1.5.16.jar:/home/aidin/.m2/repository/ch/qos/logback/logback-core/1.5.16/logback-core-1.5.16.jar:/home/aidin/.m2/repository/org/apache/logging/log4j/log4j-to-slf4j/2.24.3/log4j-to-slf4j-2.24.3.jar:/home/aidin/.m2/repository/org/apache/logging/log4j/log4j-api/2.24.3/log4j-api-2.24.3.jar:/home/aidin/.m2/repository/org/slf4j/jul-to-slf4j/2.0.16/jul-to-slf4j-2.0.16.jar:/home/aidin/.m2/repository/jakarta/annotation/jakarta.annotation-api/2.1.1/jakarta.annotation-api-2.1.1.jar:/home/aidin/.m2/repository/org/springframework/spring-core/6.2.2/spring-core-6.2.2.jar:/home/aidin/.m2/repository/org/springframework/spring-jcl/6.2.2/spring-jcl-6.2.2.jar:/home/aidin/.m2/repository/org/yaml/snakeyaml/2.3/snakeyaml-2.3.jar:/home/aidin/.m2/repository/org/springframework/boot/spring-boot-starter-artemis/3.4.2/spring-boot-starter-artemis-3.4.2.jar:/home/aidin/.m2/repository/org/springframework/spring-jms/6.2.2/spring-jms-6.2.2.jar:/home/aidin/.m2/repository/org/springframework/spring-messaging/6.2.2/spring-messaging-6.2.2.jar:/home/aidin/.m2/repository/org/springframework/spring-tx/6.2.2/spring-tx-6.2.2.jar:/home/aidin/.m2/repository/org/apache/activemq/artemis-jakarta-client/2.37.0/artemis-jakarta-client-2.37.0.jar:/home/aidin/.m2/repository/org/apache/activemq/artemis-selector/2.37.0/artemis-selector-2.37.0.jar:/home/aidin/.m2/repository/org/apache/activemq/artemis-jms-server/2.37.0/artemis-jms-server-2.37.0.jar:/home/aidin/.m2/repository/org/slf4j/slf4j-api/2.0.16/slf4j-api-2.0.16.jar:/home/aidin/.m2/repository/org/apache/activemq/artemis-core-client/2.37.0/artemis-core-client-2.37.0.jar:/home/aidin/.m2/repository/org/jgroups/jgroups/5.3.10.Final/jgroups-5.3.10.Final.jar:/home/aidin/.m2/repository/io/netty/netty-transport-native-epoll/4.1.117.Final/netty-transport-native-epoll-4.1.117.Final-linux-x86_64.jar:/home/aidin/.m2/repository/io/netty/netty-transport-native-unix-common/4.1.117.Final/netty-transport-native-unix-common-4.1.117.Final.jar:/home/aidin/.m2/repository/io/netty/netty-transport-classes-epoll/4.1.117.Final/netty-transport-classes-epoll-4.1.117.Final.jar:/home/aidin/.m2/repository/io/netty/netty-transport-native-kqueue/4.1.117.Final/netty-transport-native-kqueue-4.1.117.Final-osx-x86_64.jar:/home/aidin/.m2/repository/io/netty/netty-transport-classes-kqueue/4.1.117.Final/netty-transport-classes-kqueue-4.1.117.Final.jar:/home/aidin/.m2/repository/io/netty/netty-codec-http/4.1.117.Final/netty-codec-http-4.1.117.Final.jar:/home/aidin/.m2/repository/io/netty/netty-buffer/4.1.117.Final/netty-buffer-4.1.117.Final.jar:/home/aidin/.m2/repository/io/netty/netty-transport/4.1.117.Final/netty-transport-4.1.117.Final.jar:/home/aidin/.m2/repository/io/netty/netty-handler/4.1.117.Final/netty-handler-4.1.117.Final.jar:/home/aidin/.m2/repository/io/netty/netty-handler-proxy/4.1.117.Final/netty-handler-proxy-4.1.117.Final.jar:/home/aidin/.m2/repository/io/netty/netty-codec/4.1.117.Final/netty-codec-4.1.117.Final.jar:/home/aidin/.m2/repository/io/netty/netty-codec-socks/4.1.117.Final/netty-codec-socks-4.1.117.Final.jar:/home/aidin/.m2/repository/io/netty/netty-common/4.1.117.Final/netty-common-4.1.117.Final.jar:/home/aidin/.m2/repository/io/netty/netty-resolver/4.1.117.Final/netty-resolver-4.1.117.Final.jar:/home/aidin/.m2/repository/de/dentrassi/crypto/pem-keystore/2.4.0/pem-keystore-2.4.0.jar:/home/aidin/.m2/repository/org/bouncycastle/bcprov-jdk18on/1.78/bcprov-jdk18on-1.78.jar:/home/aidin/.m2/repository/org/bouncycastle/bcpkix-jdk18on/1.78/bcpkix-jdk18on-1.78.jar:/home/aidin/.m2/repository/org/bouncycastle/bcutil-jdk18on/1.78/bcutil-jdk18on-1.78.jar:/home/aidin/.m2/repository/org/apache/activemq/artemis-jms-client/2.37.0/artemis-jms-client-2.37.0.jar:/home/aidin/.m2/repository/org/apache/activemq/artemis-server/2.37.0/artemis-server-2.37.0.jar:/home/aidin/.m2/repository/com/github/ben-manes/caffeine/caffeine/3.1.8/caffeine-3.1.8.jar:/home/aidin/.m2/repository/org/apache/activemq/artemis-jdbc-store/2.37.0/artemis-jdbc-store-2.37.0.jar:/home/aidin/.m2/repository/org/apache/commons/commons-dbcp2/2.12.0/commons-dbcp2-2.12.0.jar:/home/aidin/.m2/repository/org/apache/commons/commons-pool2/2.12.0/commons-pool2-2.12.0.jar:/home/aidin/.m2/repository/org/apache/activemq/artemis-lockmanager-api/2.37.0/artemis-lockmanager-api-2.37.0.jar:/home/aidin/.m2/repository/org/jctools/jctools-core/4.0.5/jctools-core-4.0.5.jar:/home/aidin/.m2/repository/commons-beanutils/commons-beanutils/1.9.4/commons-beanutils-1.9.4.jar:/home/aidin/.m2/repository/commons-logging/commons-logging/1.2/commons-logging-1.2.jar:/home/aidin/.m2/repository/org/apache/commons/commons-lang3/3.17.0/commons-lang3-3.17.0.jar:/home/aidin/.m2/repository/org/apache/commons/commons-configuration2/2.11.0/commons-configuration2-2.11.0.jar:/home/aidin/.m2/repository/org/apache/commons/commons-text/1.12.0/commons-text-1.12.0.jar:/home/aidin/.m2/repository/commons-collections/commons-collections/3.2.2/commons-collections-3.2.2.jar:/home/aidin/.m2/repository/io/micrometer/micrometer-core/1.14.3/micrometer-core-1.14.3.jar:/home/aidin/.m2/repository/org/apache/activemq/artemis-journal/2.37.0/artemis-journal-2.37.0.jar:/home/aidin/.m2/repository/org/apache/activemq/activemq-artemis-native/2.0.0/activemq-artemis-native-2.0.0.jar:/home/aidin/.m2/repository/org/apache/activemq/artemis-commons/2.37.0/artemis-commons-2.37.0.jar:/home/aidin/.m2/repository/org/apache/activemq/artemis-service-extensions/2.37.0/artemis-service-extensions-2.37.0.jar:/home/aidin/.m2/repository/jakarta/jms/jakarta.jms-api/3.1.0/jakarta.jms-api-3.1.0.jar:/home/aidin/.m2/repository/jakarta/transaction/jakarta.transaction-api/2.0.1/jakarta.transaction-api-2.0.1.jar:/home/aidin/.m2/repository/org/springframework/boot/spring-boot-starter-test/3.4.2/spring-boot-starter-test-3.4.2.jar:/home/aidin/.m2/repository/org/springframework/boot/spring-boot-test/3.4.2/spring-boot-test-3.4.2.jar:/home/aidin/.m2/repository/org/springframework/boot/spring-boot-test-autoconfigure/3.4.2/spring-boot-test-autoconfigure-3.4.2.jar:/home/aidin/.m2/repository/com/jayway/jsonpath/json-path/2.9.0/json-path-2.9.0.jar:/home/aidin/.m2/repository/jakarta/xml/bind/jakarta.xml.bind-api/4.0.2/jakarta.xml.bind-api-4.0.2.jar:/home/aidin/.m2/repository/jakarta/activation/jakarta.activation-api/2.1.3/jakarta.activation-api-2.1.3.jar:/home/aidin/.m2/repository/net/minidev/json-smart/2.5.1/json-smart-2.5.1.jar:/home/aidin/.m2/repository/net/minidev/accessors-smart/2.5.1/accessors-smart-2.5.1.jar:/home/aidin/.m2/repository/org/ow2/asm/asm/9.6/asm-9.6.jar:/home/aidin/.m2/repository/org/assertj/assertj-core/3.26.3/assertj-core-3.26.3.jar:/home/aidin/.m2/repository/net/bytebuddy/byte-buddy/1.15.11/byte-buddy-1.15.11.jar:/home/aidin/.m2/repository/org/awaitility/awaitility/4.2.2/awaitility-4.2.2.jar:/home/aidin/.m2/repository/org/hamcrest/hamcrest/2.2/hamcrest-2.2.jar:/home/aidin/.m2/repository/org/junit/jupiter/junit-jupiter/5.11.4/junit-jupiter-5.11.4.jar:/home/aidin/.m2/repository/org/junit/jupiter/junit-jupiter-api/5.11.4/junit-jupiter-api-5.11.4.jar:/home/aidin/.m2/repository/org/opentest4j/opentest4j/1.3.0/opentest4j-1.3.0.jar:/home/aidin/.m2/repository/org/junit/platform/junit-platform-commons/1.11.4/junit-platform-commons-1.11.4.jar:/home/aidin/.m2/repository/org/apiguardian/apiguardian-api/1.1.2/apiguardian-api-1.1.2.jar:/home/aidin/.m2/repository/org/junit/jupiter/junit-jupiter-params/5.11.4/junit-jupiter-params-5.11.4.jar:/home/aidin/.m2/repository/org/junit/jupiter/junit-jupiter-engine/5.11.4/junit-jupiter-engine-5.11.4.jar:/home/aidin/.m2/repository/org/junit/platform/junit-platform-engine/1.11.4/junit-platform-engine-1.11.4.jar:/home/aidin/.m2/repository/org/mockito/mockito-core/5.14.2/mockito-core-5.14.2.jar:/home/aidin/.m2/repository/net/bytebuddy/byte-buddy-agent/1.15.11/byte-buddy-agent-1.15.11.jar:/home/aidin/.m2/repository/org/objenesis/objenesis/3.3/objenesis-3.3.jar:/home/aidin/.m2/repository/org/mockito/mockito-junit-jupiter/5.14.2/mockito-junit-jupiter-5.14.2.jar:/home/aidin/.m2/repository/org/skyscreamer/jsonassert/1.5.3/jsonassert-1.5.3.jar:/home/aidin/.m2/repository/com/vaadin/external/google/android-json/0.0.20131108.vaadin1/android-json-0.0.20131108.vaadin1.jar:/home/aidin/.m2/repository/org/springframework/spring-test/6.2.2/spring-test-6.2.2.jar:/home/aidin/.m2/repository/org/xmlunit/xmlunit-core/2.10.0/xmlunit-core-2.10.0.jar:/home/aidin/.m2/repository/org/projectlombok/lombok/1.18.36/lombok-1.18.36.jar:/home/aidin/.m2/repository/org/springframework/spring-web/6.2.7/spring-web-6.2.7.jar:/home/aidin/.m2/repository/org/springframework/spring-beans/6.2.2/spring-beans-6.2.2.jar:/home/aidin/.m2/repository/io/micrometer/micrometer-observation/1.14.3/micrometer-observation-1.14.3.jar:/home/aidin/.m2/repository/io/micrometer/micrometer-commons/1.14.3/micrometer-commons-1.14.3.jar:"/>
    <property name="sun.cpu.endian" value="little"/>
    <property name="user.home" value="/home/aidin"/>
    <property name="user.language" value="en"/>
    <property name="java.specification.vendor" value="Oracle Corporation"/>
    <property name="java.version.date" value="2025-07-15"/>
    <property name="java.home" value="/usr/lib/jvm/java-21-openjdk-amd64"/>
    <property name="file.separator" value="/"/>
    <property name="basedir" value="/mnt/c/aidin/AIDIN/peregrine/term-6/se1/cas/p4/Software-1_Course_Final_Project/WealthWise"/>
    <property name="java.vm.compressedOopsMode" value="32-bit"/>
    <property name="line.separator" value="&#10;"/>
    <property name="java.vm.specification.vendor" value="Oracle Corporation"/>
    <property name="java.specification.name" value="Java Platform API Specification"/>
    <property name="FILE_LOG_CHARSET" value="UTF-8"/>
    <property name="java.awt.headless" value="true"/>
    <property name="surefire.real.class.path" value="/mnt/c/aidin/AIDIN/peregrine/term-6/se1/cas/p4/Software-1_Course_Final_Project/WealthWise/target/surefire/surefirebooter-20250824151554900_3.jar"/>
    <property name="sun.management.compiler" value="HotSpot 64-Bit Tiered Compilers"/>
    <property name="java.runtime.version" value="21.0.8+9-Ubuntu-0ubuntu122.04.1"/>
    <property name="user.name" value="aidin"/>
    <property name="stdout.encoding" value="UTF-8"/>
    <property name="path.separator" value=":"/>
    <property name="os.version" value="6.6.87.2-microsoft-standard-WSL2"/>
    <property name="java.runtime.name" value="OpenJDK Runtime Environment"/>
    <property name="file.encoding" value="UTF-8"/>
    <property name="java.vm.name" value="OpenJDK 64-Bit Server VM"/>
    <property name="localRepository" value="/home/aidin/.m2/repository"/>
    <property name="java.vendor.url.bug" value="https://bugs.launchpad.net/ubuntu/+source/openjdk-21"/>
    <property name="java.io.tmpdir" value="/tmp"/>
    <property name="java.version" value="21.0.8"/>
    <property name="user.dir" value="/mnt/c/aidin/AIDIN/peregrine/term-6/se1/cas/p4/Software-1_Course_Final_Project/WealthWise"/>
    <property name="os.arch" value="amd64"/>
    <property name="java.vm.specification.name" value="Java Virtual Machine Specification"/>
    <property name="PID" value="38386"/>
    <property name="CONSOLE_LOG_CHARSET" value="UTF-8"/>
    <property name="native.encoding" value="UTF-8"/>
    <property name="java.library.path" value="/usr/java/packages/lib:/usr/lib/x86_64-linux-gnu/jni:/lib/x86_64-linux-gnu:/usr/lib/x86_64-linux-gnu:/usr/lib/jni:/lib:/usr/lib"/>
    <property name="stderr.encoding" value="UTF-8"/>
    <property name="java.vm.info" value="mixed mode, sharing"/>
    <property name="java.vendor" value="Ubuntu"/>
    <property name="java.vm.version" value="21.0.8+9-Ubuntu-0ubuntu122.04.1"/>
    <property name="sun.io.unicode.encoding" value="UnicodeLittle"/>
    <property name="java.class.version" value="65.0"/>
    <property name="LOGGED_APPLICATION_NAME" value="[WealthWise] "/>
  </properties>
  <testcase name="rejectsBadNumber" classname="com.bourse.wealthwise.messaging.CapitalRaiseParserTest" time="0.002"/>
  <testcase name="parsesHappyPath" classname="com.bourse.wealthwise.messaging.CapitalRaiseParserTest" time="0.001"/>
  <testcase name="rejectsWrongVerb" classname="com.bourse.wealthwise.messaging.CapitalRaiseParserTest" time="0.002"/>
  <testcase name="rejectsWrongArity" classname="com.bourse.wealthwise.messaging.CapitalRaiseParserTest" time="0.001"/>
</testsuite>